\BOOKMARK [0][-]{chapter.1}{\376\377\0001\000\040\000H\000i\000e\000r\000a\000r\000c\000h\000i\000c\000a\000l\000\040\000I\000n\000d\000e\000x}{}% 1
\BOOKMARK [1][-]{section.1.1}{\376\377\0001\000.\0001\000\040\000C\000l\000a\000s\000s\000\040\000H\000i\000e\000r\000a\000r\000c\000h\000y}{chapter.1}% 2
\BOOKMARK [0][-]{chapter.2}{\376\377\0002\000\040\000C\000l\000a\000s\000s\000\040\000I\000n\000d\000e\000x}{}% 3
\BOOKMARK [1][-]{section.2.1}{\376\377\0002\000.\0001\000\040\000C\000l\000a\000s\000s\000\040\000L\000i\000s\000t}{chapter.2}% 4
\BOOKMARK [0][-]{chapter.3}{\376\377\0003\000\040\000F\000i\000l\000e\000\040\000I\000n\000d\000e\000x}{}% 5
\BOOKMARK [1][-]{section.3.1}{\376\377\0003\000.\0001\000\040\000F\000i\000l\000e\000\040\000L\000i\000s\000t}{chapter.3}% 6
\BOOKMARK [0][-]{chapter.4}{\376\377\0004\000\040\000C\000l\000a\000s\000s\000\040\000D\000o\000c\000u\000m\000e\000n\000t\000a\000t\000i\000o\000n}{}% 7
\BOOKMARK [1][-]{section.4.1}{\376\377\0004\000.\0001\000\040\000A\000V\000L\000T\000r\000e\000e\000<\000\040\000T\000\040\000>\000\040\000C\000l\000a\000s\000s\000\040\000T\000e\000m\000p\000l\000a\000t\000e\000\040\000R\000e\000f\000e\000r\000e\000n\000c\000e}{chapter.4}% 8
\BOOKMARK [2][-]{subsection.4.1.1}{\376\377\0004\000.\0001\000.\0001\000\040\000D\000e\000t\000a\000i\000l\000e\000d\000\040\000D\000e\000s\000c\000r\000i\000p\000t\000i\000o\000n}{section.4.1}% 9
\BOOKMARK [2][-]{subsection.4.1.2}{\376\377\0004\000.\0001\000.\0002\000\040\000M\000e\000m\000b\000e\000r\000\040\000F\000u\000n\000c\000t\000i\000o\000n\000\040\000D\000o\000c\000u\000m\000e\000n\000t\000a\000t\000i\000o\000n}{section.4.1}% 10
\BOOKMARK [3][-]{subsubsection.4.1.2.1}{\376\377\0004\000.\0001\000.\0002\000.\0001\000\040\000c\000o\000n\000t\000a\000i\000n\000s\000\050\000\051}{subsection.4.1.2}% 11
\BOOKMARK [3][-]{subsubsection.4.1.2.2}{\376\377\0004\000.\0001\000.\0002\000.\0002\000\040\000f\000i\000n\000d\000M\000a\000x\000\050\000\051}{subsection.4.1.2}% 12
\BOOKMARK [3][-]{subsubsection.4.1.2.3}{\376\377\0004\000.\0001\000.\0002\000.\0003\000\040\000f\000i\000n\000d\000M\000i\000n\000\050\000\051}{subsection.4.1.2}% 13
\BOOKMARK [3][-]{subsubsection.4.1.2.4}{\376\377\0004\000.\0001\000.\0002\000.\0004\000\040\000g\000e\000t\000T\000e\000r\000m\000s\000\050\000\051}{subsection.4.1.2}% 14
\BOOKMARK [3][-]{subsubsection.4.1.2.5}{\376\377\0004\000.\0001\000.\0002\000.\0005\000\040\000i\000n\000s\000e\000r\000t\000\050\000\051}{subsection.4.1.2}% 15
\BOOKMARK [3][-]{subsubsection.4.1.2.6}{\376\377\0004\000.\0001\000.\0002\000.\0006\000\040\000i\000s\000E\000m\000p\000t\000y\000\050\000\051}{subsection.4.1.2}% 16
\BOOKMARK [3][-]{subsubsection.4.1.2.7}{\376\377\0004\000.\0001\000.\0002\000.\0007\000\040\000m\000a\000k\000e\000E\000m\000p\000t\000y\000\050\000\051}{subsection.4.1.2}% 17
\BOOKMARK [3][-]{subsubsection.4.1.2.8}{\376\377\0004\000.\0001\000.\0002\000.\0008\000\040\000p\000r\000i\000n\000t\000\050\000\051}{subsection.4.1.2}% 18
\BOOKMARK [3][-]{subsubsection.4.1.2.9}{\376\377\0004\000.\0001\000.\0002\000.\0009\000\040\000s\000e\000a\000r\000c\000h\000\050\000\051}{subsection.4.1.2}% 19
\BOOKMARK [3][-]{subsubsection.4.1.2.10}{\376\377\0004\000.\0001\000.\0002\000.\0001\0000\000\040\000s\000t\000r\000i\000n\000g\000I\000n\000s\000e\000r\000t\000\050\000\051}{subsection.4.1.2}% 20
\BOOKMARK [3][-]{subsubsection.4.1.2.11}{\376\377\0004\000.\0001\000.\0002\000.\0001\0001\000\040\000s\000t\000r\000i\000n\000g\000S\000e\000a\000r\000c\000h\000\050\000\051}{subsection.4.1.2}% 21
\BOOKMARK [1][-]{section.4.2}{\376\377\0004\000.\0002\000\040\000C\000s\000v\000P\000a\000r\000s\000e\000r\000\040\000S\000t\000r\000u\000c\000t\000\040\000R\000e\000f\000e\000r\000e\000n\000c\000e}{chapter.4}% 22
\BOOKMARK [1][-]{section.4.3}{\376\377\0004\000.\0003\000\040\000C\000s\000v\000R\000o\000w\000\040\000S\000t\000r\000u\000c\000t\000\040\000R\000e\000f\000e\000r\000e\000n\000c\000e}{chapter.4}% 23
\BOOKMARK [1][-]{section.4.4}{\376\377\0004\000.\0004\000\040\000D\000o\000c\000u\000m\000e\000n\000t\000P\000a\000r\000s\000e\000r\000\040\000C\000l\000a\000s\000s\000\040\000R\000e\000f\000e\000r\000e\000n\000c\000e}{chapter.4}% 24
\BOOKMARK [2][-]{subsection.4.4.1}{\376\377\0004\000.\0004\000.\0001\000\040\000C\000o\000n\000s\000t\000r\000u\000c\000t\000o\000r\000\040\000\046\000\040\000D\000e\000s\000t\000r\000u\000c\000t\000o\000r\000\040\000D\000o\000c\000u\000m\000e\000n\000t\000a\000t\000i\000o\000n}{section.4.4}% 25
\BOOKMARK [3][-]{subsubsection.4.4.1.1}{\376\377\0004\000.\0004\000.\0001\000.\0001\000\040\000D\000o\000c\000u\000m\000e\000n\000t\000P\000a\000r\000s\000e\000r\000\050\000\051}{subsection.4.4.1}% 26
\BOOKMARK [2][-]{subsection.4.4.2}{\376\377\0004\000.\0004\000.\0002\000\040\000M\000e\000m\000b\000e\000r\000\040\000F\000u\000n\000c\000t\000i\000o\000n\000\040\000D\000o\000c\000u\000m\000e\000n\000t\000a\000t\000i\000o\000n}{section.4.4}% 27
\BOOKMARK [3][-]{subsubsection.4.4.2.1}{\376\377\0004\000.\0004\000.\0002\000.\0001\000\040\000l\000o\000a\000d\000S\000t\000o\000p\000W\000o\000r\000d\000s\000\050\000\051}{subsection.4.4.2}% 28
\BOOKMARK [3][-]{subsubsection.4.4.2.2}{\376\377\0004\000.\0004\000.\0002\000.\0002\000\040\000p\000a\000r\000s\000e\000\050\000\051}{subsection.4.4.2}% 29
\BOOKMARK [3][-]{subsubsection.4.4.2.3}{\376\377\0004\000.\0004\000.\0002\000.\0003\000\040\000q\000u\000e\000s\000t\000i\000o\000n\000L\000o\000o\000k\000u\000p\000\050\000\051}{subsection.4.4.2}% 30
\BOOKMARK [1][-]{section.4.5}{\376\377\0004\000.\0005\000\040\000H\000a\000s\000h\000T\000a\000b\000l\000e\000<\000\040\000T\000\040\000>\000\040\000C\000l\000a\000s\000s\000\040\000T\000e\000m\000p\000l\000a\000t\000e\000\040\000R\000e\000f\000e\000r\000e\000n\000c\000e}{chapter.4}% 31
\BOOKMARK [2][-]{subsection.4.5.1}{\376\377\0004\000.\0005\000.\0001\000\040\000C\000o\000n\000s\000t\000r\000u\000c\000t\000o\000r\000\040\000\046\000\040\000D\000e\000s\000t\000r\000u\000c\000t\000o\000r\000\040\000D\000o\000c\000u\000m\000e\000n\000t\000a\000t\000i\000o\000n}{section.4.5}% 32
\BOOKMARK [3][-]{subsubsection.4.5.1.1}{\376\377\0004\000.\0005\000.\0001\000.\0001\000\040\000H\000a\000s\000h\000T\000a\000b\000l\000e\000\050\000\051\000\040\000[\0001\000/\0002\000]}{subsection.4.5.1}% 33
\BOOKMARK [3][-]{subsubsection.4.5.1.2}{\376\377\0004\000.\0005\000.\0001\000.\0002\000\040\000H\000a\000s\000h\000T\000a\000b\000l\000e\000\050\000\051\000\040\000[\0002\000/\0002\000]}{subsection.4.5.1}% 34
\BOOKMARK [2][-]{subsection.4.5.2}{\376\377\0004\000.\0005\000.\0002\000\040\000M\000e\000m\000b\000e\000r\000\040\000F\000u\000n\000c\000t\000i\000o\000n\000\040\000D\000o\000c\000u\000m\000e\000n\000t\000a\000t\000i\000o\000n}{section.4.5}% 35
\BOOKMARK [3][-]{subsubsection.4.5.2.1}{\376\377\0004\000.\0005\000.\0002\000.\0001\000\040\000c\000o\000n\000t\000a\000i\000n\000s\000\050\000\051}{subsection.4.5.2}% 36
\BOOKMARK [3][-]{subsubsection.4.5.2.2}{\376\377\0004\000.\0005\000.\0002\000.\0002\000\040\000g\000e\000t\000N\000u\000m\000E\000l\000e\000m\000e\000n\000t\000s\000\050\000\051}{subsection.4.5.2}% 37
\BOOKMARK [3][-]{subsubsection.4.5.2.3}{\376\377\0004\000.\0005\000.\0002\000.\0003\000\040\000g\000e\000t\000T\000e\000r\000m\000s\000\050\000\051}{subsection.4.5.2}% 38
\BOOKMARK [3][-]{subsubsection.4.5.2.4}{\376\377\0004\000.\0005\000.\0002\000.\0004\000\040\000g\000e\000t\000T\000o\000p\000F\000i\000f\000t\000y\000\050\000\051}{subsection.4.5.2}% 39
\BOOKMARK [3][-]{subsubsection.4.5.2.5}{\376\377\0004\000.\0005\000.\0002\000.\0005\000\040\000i\000n\000s\000e\000r\000t\000\050\000\051}{subsection.4.5.2}% 40
\BOOKMARK [3][-]{subsubsection.4.5.2.6}{\376\377\0004\000.\0005\000.\0002\000.\0006\000\040\000i\000s\000E\000m\000p\000t\000y\000\050\000\051}{subsection.4.5.2}% 41
\BOOKMARK [3][-]{subsubsection.4.5.2.7}{\376\377\0004\000.\0005\000.\0002\000.\0007\000\040\000m\000a\000k\000e\000E\000m\000p\000t\000y\000\050\000\051}{subsection.4.5.2}% 42
\BOOKMARK [3][-]{subsubsection.4.5.2.8}{\376\377\0004\000.\0005\000.\0002\000.\0008\000\040\000o\000p\000e\000r\000a\000t\000o\000r\000=\000\050\000\051}{subsection.4.5.2}% 43
\BOOKMARK [3][-]{subsubsection.4.5.2.9}{\376\377\0004\000.\0005\000.\0002\000.\0009\000\040\000o\000p\000e\000r\000a\000t\000o\000r\000[\000]\000\050\000\051}{subsection.4.5.2}% 44
\BOOKMARK [3][-]{subsubsection.4.5.2.10}{\376\377\0004\000.\0005\000.\0002\000.\0001\0000\000\040\000p\000r\000i\000n\000t\000\050\000\051}{subsection.4.5.2}% 45
\BOOKMARK [3][-]{subsubsection.4.5.2.11}{\376\377\0004\000.\0005\000.\0002\000.\0001\0001\000\040\000s\000e\000a\000r\000c\000h\000\050\000\051}{subsection.4.5.2}% 46
\BOOKMARK [3][-]{subsubsection.4.5.2.12}{\376\377\0004\000.\0005\000.\0002\000.\0001\0002\000\040\000s\000t\000r\000i\000n\000g\000I\000n\000s\000e\000r\000t\000\050\000\051}{subsection.4.5.2}% 47
\BOOKMARK [3][-]{subsubsection.4.5.2.13}{\376\377\0004\000.\0005\000.\0002\000.\0001\0003\000\040\000s\000t\000r\000i\000n\000g\000S\000e\000a\000r\000c\000h\000\050\000\051}{subsection.4.5.2}% 48
\BOOKMARK [1][-]{section.4.6}{\376\377\0004\000.\0006\000\040\000I\000n\000d\000e\000x\000e\000d\000T\000e\000r\000m\000\040\000C\000l\000a\000s\000s\000\040\000R\000e\000f\000e\000r\000e\000n\000c\000e}{chapter.4}% 49
\BOOKMARK [2][-]{subsection.4.6.1}{\376\377\0004\000.\0006\000.\0001\000\040\000M\000e\000m\000b\000e\000r\000\040\000F\000u\000n\000c\000t\000i\000o\000n\000\040\000D\000o\000c\000u\000m\000e\000n\000t\000a\000t\000i\000o\000n}{section.4.6}% 50
\BOOKMARK [3][-]{subsubsection.4.6.1.1}{\376\377\0004\000.\0006\000.\0001\000.\0001\000\040\000a\000d\000d\000F\000r\000e\000q\000u\000e\000n\000c\000y\000\050\000\051}{subsection.4.6.1}% 51
\BOOKMARK [3][-]{subsubsection.4.6.1.2}{\376\377\0004\000.\0006\000.\0001\000.\0002\000\040\000a\000d\000d\000L\000o\000c\000a\000t\000i\000o\000n\000\050\000\051}{subsection.4.6.1}% 52
\BOOKMARK [3][-]{subsubsection.4.6.1.3}{\376\377\0004\000.\0006\000.\0001\000.\0003\000\040\000a\000d\000d\000Q\000u\000e\000s\000t\000i\000o\000n\000\050\000\051}{subsection.4.6.1}% 53
\BOOKMARK [3][-]{subsubsection.4.6.1.4}{\376\377\0004\000.\0006\000.\0001\000.\0004\000\040\000a\000p\000p\000e\000n\000d\000D\000a\000t\000a\000\050\000\051}{subsection.4.6.1}% 54
\BOOKMARK [3][-]{subsubsection.4.6.1.5}{\376\377\0004\000.\0006\000.\0001\000.\0005\000\040\000g\000e\000t\000F\000r\000e\000q\000u\000e\000n\000c\000y\000\050\000\051}{subsection.4.6.1}% 55
\BOOKMARK [3][-]{subsubsection.4.6.1.6}{\376\377\0004\000.\0006\000.\0001\000.\0006\000\040\000g\000e\000t\000L\000o\000c\000a\000t\000i\000o\000n\000s\000\050\000\051}{subsection.4.6.1}% 56
\BOOKMARK [3][-]{subsubsection.4.6.1.7}{\376\377\0004\000.\0006\000.\0001\000.\0007\000\040\000g\000e\000t\000Q\000u\000e\000s\000t\000i\000o\000n\000I\000d\000s\000\050\000\051}{subsection.4.6.1}% 57
\BOOKMARK [3][-]{subsubsection.4.6.1.8}{\376\377\0004\000.\0006\000.\0001\000.\0008\000\040\000g\000e\000t\000T\000e\000r\000m\000\050\000\051}{subsection.4.6.1}% 58
\BOOKMARK [3][-]{subsubsection.4.6.1.9}{\376\377\0004\000.\0006\000.\0001\000.\0009\000\040\000i\000s\000A\000t\000L\000o\000c\000a\000t\000i\000o\000n\000\050\000\051}{subsection.4.6.1}% 59
\BOOKMARK [3][-]{subsubsection.4.6.1.10}{\376\377\0004\000.\0006\000.\0001\000.\0001\0000\000\040\000i\000s\000E\000m\000p\000t\000y\000\050\000\051}{subsection.4.6.1}% 60
\BOOKMARK [3][-]{subsubsection.4.6.1.11}{\376\377\0004\000.\0006\000.\0001\000.\0001\0001\000\040\000i\000s\000I\000n\000Q\000u\000e\000s\000t\000i\000o\000n\000\050\000\051}{subsection.4.6.1}% 61
\BOOKMARK [3][-]{subsubsection.4.6.1.12}{\376\377\0004\000.\0006\000.\0001\000.\0001\0002\000\040\000o\000p\000e\000r\000a\000t\000o\000r\000+\000=\000\050\000\051}{subsection.4.6.1}% 62
\BOOKMARK [3][-]{subsubsection.4.6.1.13}{\376\377\0004\000.\0006\000.\0001\000.\0001\0003\000\040\000o\000p\000e\000r\000a\000t\000o\000r\000<\000\050\000\051}{subsection.4.6.1}% 63
\BOOKMARK [3][-]{subsubsection.4.6.1.14}{\376\377\0004\000.\0006\000.\0001\000.\0001\0004\000\040\000o\000p\000e\000r\000a\000t\000o\000r\000=\000=\000\050\000\051}{subsection.4.6.1}% 64
\BOOKMARK [3][-]{subsubsection.4.6.1.15}{\376\377\0004\000.\0006\000.\0001\000.\0001\0005\000\040\000o\000p\000e\000r\000a\000t\000o\000r\000>\000\050\000\051}{subsection.4.6.1}% 65
\BOOKMARK [3][-]{subsubsection.4.6.1.16}{\376\377\0004\000.\0006\000.\0001\000.\0001\0006\000\040\000p\000r\000i\000n\000t\0001\0005\000\050\000\051}{subsection.4.6.1}% 66
\BOOKMARK [3][-]{subsubsection.4.6.1.17}{\376\377\0004\000.\0006\000.\0001\000.\0001\0007\000\040\000r\000e\000m\000o\000v\000e\000L\000o\000c\000a\000t\000i\000o\000n\000\050\000\051}{subsection.4.6.1}% 67
\BOOKMARK [3][-]{subsubsection.4.6.1.18}{\376\377\0004\000.\0006\000.\0001\000.\0001\0008\000\040\000r\000e\000m\000o\000v\000e\000Q\000u\000e\000s\000t\000i\000o\000n\000\050\000\051}{subsection.4.6.1}% 68
\BOOKMARK [3][-]{subsubsection.4.6.1.19}{\376\377\0004\000.\0006\000.\0001\000.\0001\0009\000\040\000s\000o\000r\000t\000\050\000\051}{subsection.4.6.1}% 69
\BOOKMARK [1][-]{section.4.7}{\376\377\0004\000.\0007\000\040\000I\000n\000d\000e\000x\000H\000a\000n\000d\000l\000e\000r\000\040\000C\000l\000a\000s\000s\000\040\000R\000e\000f\000e\000r\000e\000n\000c\000e}{chapter.4}% 70
\BOOKMARK [2][-]{subsection.4.7.1}{\376\377\0004\000.\0007\000.\0001\000\040\000M\000e\000m\000b\000e\000r\000\040\000F\000u\000n\000c\000t\000i\000o\000n\000\040\000D\000o\000c\000u\000m\000e\000n\000t\000a\000t\000i\000o\000n}{section.4.7}% 71
\BOOKMARK [3][-]{subsubsection.4.7.1.1}{\376\377\0004\000.\0007\000.\0001\000.\0001\000\040\000a\000d\000d\000T\000o\000I\000n\000d\000e\000x\000\050\000\051}{subsection.4.7.1}% 72
\BOOKMARK [3][-]{subsubsection.4.7.1.2}{\376\377\0004\000.\0007\000.\0001\000.\0002\000\040\000g\000e\000t\000N\000u\000m\000T\000e\000r\000m\000s\000\050\000\051}{subsection.4.7.1}% 73
\BOOKMARK [3][-]{subsubsection.4.7.1.3}{\376\377\0004\000.\0007\000.\0001\000.\0003\000\040\000g\000e\000t\000T\000o\000p\000F\000i\000f\000t\000y\000\050\000\051}{subsection.4.7.1}% 74
\BOOKMARK [3][-]{subsubsection.4.7.1.4}{\376\377\0004\000.\0007\000.\0001\000.\0004\000\040\000r\000e\000a\000d\000F\000r\000o\000m\000D\000i\000s\000k\000\050\000\051}{subsection.4.7.1}% 75
\BOOKMARK [3][-]{subsubsection.4.7.1.5}{\376\377\0004\000.\0007\000.\0001\000.\0005\000\040\000s\000e\000a\000r\000c\000h\000I\000n\000d\000e\000x\000\050\000\051}{subsection.4.7.1}% 76
\BOOKMARK [3][-]{subsubsection.4.7.1.6}{\376\377\0004\000.\0007\000.\0001\000.\0006\000\040\000s\000e\000t\000N\000u\000m\000Q\000u\000e\000s\000t\000i\000o\000n\000s\000\050\000\051}{subsection.4.7.1}% 77
\BOOKMARK [3][-]{subsubsection.4.7.1.7}{\376\377\0004\000.\0007\000.\0001\000.\0007\000\040\000u\000p\000d\000a\000t\000e\000T\000o\000p\000F\000i\000f\000t\000y\000\050\000\051}{subsection.4.7.1}% 78
\BOOKMARK [3][-]{subsubsection.4.7.1.8}{\376\377\0004\000.\0007\000.\0001\000.\0008\000\040\000w\000r\000i\000t\000e\000T\000o\000D\000i\000s\000k\000\050\000\051}{subsection.4.7.1}% 79
\BOOKMARK [1][-]{section.4.8}{\376\377\0004\000.\0008\000\040\000I\000n\000d\000e\000x\000I\000n\000t\000e\000r\000f\000a\000c\000e\000<\000\040\000T\000\040\000>\000\040\000C\000l\000a\000s\000s\000\040\000T\000e\000m\000p\000l\000a\000t\000e\000\040\000R\000e\000f\000e\000r\000e\000n\000c\000e}{chapter.4}% 80
\BOOKMARK [1][-]{section.4.9}{\376\377\0004\000.\0009\000\040\000i\000n\000p\000u\000t\000\040\000C\000l\000a\000s\000s\000\040\000R\000e\000f\000e\000r\000e\000n\000c\000e}{chapter.4}% 81
\BOOKMARK [2][-]{subsection.4.9.1}{\376\377\0004\000.\0009\000.\0001\000\040\000M\000e\000m\000b\000e\000r\000\040\000F\000u\000n\000c\000t\000i\000o\000n\000\040\000D\000o\000c\000u\000m\000e\000n\000t\000a\000t\000i\000o\000n}{section.4.9}% 82
\BOOKMARK [3][-]{subsubsection.4.9.1.1}{\376\377\0004\000.\0009\000.\0001\000.\0001\000\040\000g\000e\000t\000F\000l\000a\000g\000\050\000\051}{subsection.4.9.1}% 83
\BOOKMARK [3][-]{subsubsection.4.9.1.2}{\376\377\0004\000.\0009\000.\0001\000.\0002\000\040\000g\000e\000t\000N\000o\000t\000T\000e\000r\000m\000V\000e\000c\000t\000o\000r\000\050\000\051}{subsection.4.9.1}% 84
\BOOKMARK [3][-]{subsubsection.4.9.1.3}{\376\377\0004\000.\0009\000.\0001\000.\0003\000\040\000g\000e\000t\000T\000e\000r\000m\000V\000e\000c\000t\000o\000r\000\050\000\051}{subsection.4.9.1}% 85
\BOOKMARK [1][-]{section.4.10}{\376\377\0004\000.\0001\0000\000\040\000r\000u\000n\000Q\000u\000e\000r\000y\000\040\000C\000l\000a\000s\000s\000\040\000R\000e\000f\000e\000r\000e\000n\000c\000e}{chapter.4}% 86
\BOOKMARK [2][-]{subsection.4.10.1}{\376\377\0004\000.\0001\0000\000.\0001\000\040\000C\000o\000n\000s\000t\000r\000u\000c\000t\000o\000r\000\040\000\046\000\040\000D\000e\000s\000t\000r\000u\000c\000t\000o\000r\000\040\000D\000o\000c\000u\000m\000e\000n\000t\000a\000t\000i\000o\000n}{section.4.10}% 87
\BOOKMARK [3][-]{subsubsection.4.10.1.1}{\376\377\0004\000.\0001\0000\000.\0001\000.\0001\000\040\000r\000u\000n\000Q\000u\000e\000r\000y\000\050\000\051\000\040\000[\0001\000/\0002\000]}{subsection.4.10.1}% 88
\BOOKMARK [3][-]{subsubsection.4.10.1.2}{\376\377\0004\000.\0001\0000\000.\0001\000.\0002\000\040\000r\000u\000n\000Q\000u\000e\000r\000y\000\050\000\051\000\040\000[\0002\000/\0002\000]}{subsection.4.10.1}% 89
\BOOKMARK [2][-]{subsection.4.10.2}{\376\377\0004\000.\0001\0000\000.\0002\000\040\000M\000e\000m\000b\000e\000r\000\040\000F\000u\000n\000c\000t\000i\000o\000n\000\040\000D\000o\000c\000u\000m\000e\000n\000t\000a\000t\000i\000o\000n}{section.4.10}% 90
\BOOKMARK [3][-]{subsubsection.4.10.2.1}{\376\377\0004\000.\0001\0000\000.\0002\000.\0001\000\040\000a\000n\000d\000L\000o\000g\000i\000c\000\050\000\051}{subsection.4.10.2}% 91
\BOOKMARK [3][-]{subsubsection.4.10.2.2}{\376\377\0004\000.\0001\0000\000.\0002\000.\0002\000\040\000b\000r\000a\000c\000k\000e\000t\000L\000o\000g\000i\000c\000\050\000\051}{subsection.4.10.2}% 92
\BOOKMARK [3][-]{subsubsection.4.10.2.3}{\376\377\0004\000.\0001\0000\000.\0002\000.\0003\000\040\000d\000e\000l\000i\000m\000i\000t\000\050\000\051}{subsection.4.10.2}% 93
\BOOKMARK [1][-]{section.4.11}{\376\377\0004\000.\0001\0001\000\040\000S\000e\000a\000r\000c\000h\000E\000n\000g\000i\000n\000e\000\040\000C\000l\000a\000s\000s\000\040\000R\000e\000f\000e\000r\000e\000n\000c\000e}{chapter.4}% 94
\BOOKMARK [0][-]{chapter.5}{\376\377\0005\000\040\000F\000i\000l\000e\000\040\000D\000o\000c\000u\000m\000e\000n\000t\000a\000t\000i\000o\000n}{}% 95
\BOOKMARK [1][-]{section.5.1}{\376\377\0005\000.\0001\000\040\000p\000o\000r\000t\000e\000r\0002\000\137\000s\000t\000e\000m\000m\000e\000r\000.\000c\000p\000p\000\040\000F\000i\000l\000e\000\040\000R\000e\000f\000e\000r\000e\000n\000c\000e}{chapter.5}% 96
\BOOKMARK [2][-]{subsection.5.1.1}{\376\377\0005\000.\0001\000.\0001\000\040\000D\000e\000t\000a\000i\000l\000e\000d\000\040\000D\000e\000s\000c\000r\000i\000p\000t\000i\000o\000n}{section.5.1}% 97
\BOOKMARK [1][-]{section.5.2}{\376\377\0005\000.\0002\000\040\000p\000o\000r\000t\000e\000r\0002\000\137\000s\000t\000e\000m\000m\000e\000r\000.\000h\000\040\000F\000i\000l\000e\000\040\000R\000e\000f\000e\000r\000e\000n\000c\000e}{chapter.5}% 98
\BOOKMARK [2][-]{subsection.5.2.1}{\376\377\0005\000.\0002\000.\0001\000\040\000D\000e\000t\000a\000i\000l\000e\000d\000\040\000D\000e\000s\000c\000r\000i\000p\000t\000i\000o\000n}{section.5.2}% 99
